Building Cactus library...
/home/karen/Documents/cactus/cactus/engine/engine_bpe.cpp: In member function ‘void cactus::engine::BPETokenizer::init_byte_mappings() const’:
/home/karen/Documents/cactus/cactus/engine/engine_bpe.cpp:347:40: warning: comparison is always true due to limited range of data type [-Wtype-limits]
  347 |         } else if (byte >= 161 && byte <= 255) {
      |                                   ~~~~~^~~~~~
/home/karen/Documents/cactus/cactus/engine/engine_bpe.cpp: In member function ‘void cactus::engine::BPETokenizer::init_byte_mappings() const’:
/home/karen/Documents/cactus/cactus/engine/engine_bpe.cpp:347:40: warning: comparison is always true due to limited range of data type [-Wtype-limits]
  347 |         } else if (byte >= 161 && byte <= 255) {
      |                                   ~~~~~^~~~~~
In file included from /home/karen/Documents/cactus/cactus/engine/engine_signals.cpp:2:
/home/karen/Documents/cactus/cactus/engine/../kernel/kernel_utils.h: In function ‘int32x4_t accum_matmul(int32x4_t, int8x16_t, int8x16_t)’:
/home/karen/Documents/cactus/cactus/engine/../kernel/kernel_utils.h:100:56: warning: unused parameter ‘a’ [-Wunused-parameter]
  100 | inline int32x4_t accum_matmul(int32x4_t acc, int8x16_t a, int8x16_t b) {
      |                                              ~~~~~~~~~~^
/home/karen/Documents/cactus/cactus/engine/../kernel/kernel_utils.h:100:69: warning: unused parameter ‘b’ [-Wunused-parameter]
  100 | inline int32x4_t accum_matmul(int32x4_t acc, int8x16_t a, int8x16_t b) {
      |                                                           ~~~~~~~~~~^
In file included from /home/karen/Documents/cactus/cactus/engine/engine_signals.cpp:2:
/home/karen/Documents/cactus/cactus/engine/../kernel/kernel_utils.h: In function ‘int32x4_t accum_matmul(int32x4_t, int8x16_t, int8x16_t)’:
/home/karen/Documents/cactus/cactus/engine/../kernel/kernel_utils.h:100:56: warning: unused parameter ‘a’ [-Wunused-parameter]
  100 | inline int32x4_t accum_matmul(int32x4_t acc, int8x16_t a, int8x16_t b) {
      |                                              ~~~~~~~~~~^
/home/karen/Documents/cactus/cactus/engine/../kernel/kernel_utils.h:100:69: warning: unused parameter ‘b’ [-Wunused-parameter]
  100 | inline int32x4_t accum_matmul(int32x4_t acc, int8x16_t a, int8x16_t b) {
      |                                                           ~~~~~~~~~~^
In file included from /home/karen/Documents/cactus/cactus/graph/graph_ops_nn.cpp:3:
/home/karen/Documents/cactus/cactus/graph/../kernel/kernel_utils.h: In function ‘int32x4_t accum_matmul(int32x4_t, int8x16_t, int8x16_t)’:
/home/karen/Documents/cactus/cactus/graph/../kernel/kernel_utils.h:100:56: warning: unused parameter ‘a’ [-Wunused-parameter]
  100 | inline int32x4_t accum_matmul(int32x4_t acc, int8x16_t a, int8x16_t b) {
      |                                              ~~~~~~~~~~^
/home/karen/Documents/cactus/cactus/graph/../kernel/kernel_utils.h:100:69: warning: unused parameter ‘b’ [-Wunused-parameter]
  100 | inline int32x4_t accum_matmul(int32x4_t acc, int8x16_t a, int8x16_t b) {
      |                                                           ~~~~~~~~~~^
In file included from /home/karen/Documents/cactus/cactus/kernel/kernel_attention.cpp:2:
/home/karen/Documents/cactus/cactus/kernel/kernel_utils.h: In function ‘int32x4_t accum_matmul(int32x4_t, int8x16_t, int8x16_t)’:
/home/karen/Documents/cactus/cactus/kernel/kernel_utils.h:100:56: warning: unused parameter ‘a’ [-Wunused-parameter]
  100 | inline int32x4_t accum_matmul(int32x4_t acc, int8x16_t a, int8x16_t b) {
      |                                              ~~~~~~~~~~^
/home/karen/Documents/cactus/cactus/kernel/kernel_utils.h:100:69: warning: unused parameter ‘b’ [-Wunused-parameter]
  100 | inline int32x4_t accum_matmul(int32x4_t acc, int8x16_t a, int8x16_t b) {
      |                                                           ~~~~~~~~~~^
/home/karen/Documents/cactus/cactus/kernel/kernel_attention.cpp: In function ‘void cactus_gpt_j_rope_f16(const __fp16*, __fp16*, size_t, size_t, size_t, size_t, size_t, size_t, float)’:
/home/karen/Documents/cactus/cactus/kernel/kernel_attention.cpp:689:18: warning: unused variable ‘half_dim’ [-Wunused-variable]
  689 |     const size_t half_dim = head_dim / 2;
      |                  ^~~~~~~~
In file included from /home/karen/Documents/cactus/cactus/graph/graph_ops_nn.cpp:3:
/home/karen/Documents/cactus/cactus/graph/../kernel/kernel_utils.h: In function ‘int32x4_t accum_matmul(int32x4_t, int8x16_t, int8x16_t)’:
/home/karen/Documents/cactus/cactus/graph/../kernel/kernel_utils.h:100:56: warning: unused parameter ‘a’ [-Wunused-parameter]
  100 | inline int32x4_t accum_matmul(int32x4_t acc, int8x16_t a, int8x16_t b) {
      |                                              ~~~~~~~~~~^
/home/karen/Documents/cactus/cactus/graph/../kernel/kernel_utils.h:100:69: warning: unused parameter ‘b’ [-Wunused-parameter]
  100 | inline int32x4_t accum_matmul(int32x4_t acc, int8x16_t a, int8x16_t b) {
      |                                                           ~~~~~~~~~~^
In file included from /home/karen/Documents/cactus/cactus/kernel/kernel_blas.cpp:2:
/home/karen/Documents/cactus/cactus/kernel/kernel_utils.h: In function ‘int32x4_t accum_matmul(int32x4_t, int8x16_t, int8x16_t)’:
/home/karen/Documents/cactus/cactus/kernel/kernel_utils.h:100:56: warning: unused parameter ‘a’ [-Wunused-parameter]
  100 | inline int32x4_t accum_matmul(int32x4_t acc, int8x16_t a, int8x16_t b) {
      |                                              ~~~~~~~~~~^
/home/karen/Documents/cactus/cactus/kernel/kernel_utils.h:100:69: warning: unused parameter ‘b’ [-Wunused-parameter]
  100 | inline int32x4_t accum_matmul(int32x4_t acc, int8x16_t a, int8x16_t b) {
      |                                                           ~~~~~~~~~~^
In file included from /home/karen/Documents/cactus/cactus/kernel/kernel_conv.cpp:2:
/home/karen/Documents/cactus/cactus/kernel/kernel_utils.h: In function ‘int32x4_t accum_matmul(int32x4_t, int8x16_t, int8x16_t)’:
/home/karen/Documents/cactus/cactus/kernel/kernel_utils.h:100:56: warning: unused parameter ‘a’ [-Wunused-parameter]
  100 | inline int32x4_t accum_matmul(int32x4_t acc, int8x16_t a, int8x16_t b) {
      |                                              ~~~~~~~~~~^
/home/karen/Documents/cactus/cactus/kernel/kernel_utils.h:100:69: warning: unused parameter ‘b’ [-Wunused-parameter]
  100 | inline int32x4_t accum_matmul(int32x4_t acc, int8x16_t a, int8x16_t b) {
      |                                                           ~~~~~~~~~~^
/home/karen/Documents/cactus/cactus/kernel/kernel_gemm.cpp:191: warning: ignoring ‘#pragma unroll ’ [-Wunknown-pragmas]
  191 |                                 #pragma unroll
In file included from /home/karen/Documents/cactus/cactus/kernel/kernel_gemm.cpp:2:
/home/karen/Documents/cactus/cactus/kernel/kernel_utils.h: In function ‘int32x4_t accum_matmul(int32x4_t, int8x16_t, int8x16_t)’:
/home/karen/Documents/cactus/cactus/kernel/kernel_utils.h:100:56: warning: unused parameter ‘a’ [-Wunused-parameter]
  100 | inline int32x4_t accum_matmul(int32x4_t acc, int8x16_t a, int8x16_t b) {
      |                                              ~~~~~~~~~~^
/home/karen/Documents/cactus/cactus/kernel/kernel_utils.h:100:69: warning: unused parameter ‘b’ [-Wunused-parameter]
  100 | inline int32x4_t accum_matmul(int32x4_t acc, int8x16_t a, int8x16_t b) {
      |                                                           ~~~~~~~~~~^
In file included from /home/karen/Documents/cactus/cactus/kernel/kernel_attention.cpp:2:
/home/karen/Documents/cactus/cactus/kernel/kernel_utils.h: In function ‘int32x4_t accum_matmul(int32x4_t, int8x16_t, int8x16_t)’:
/home/karen/Documents/cactus/cactus/kernel/kernel_utils.h:100:56: warning: unused parameter ‘a’ [-Wunused-parameter]
  100 | inline int32x4_t accum_matmul(int32x4_t acc, int8x16_t a, int8x16_t b) {
      |                                              ~~~~~~~~~~^
/home/karen/Documents/cactus/cactus/kernel/kernel_utils.h:100:69: warning: unused parameter ‘b’ [-Wunused-parameter]
  100 | inline int32x4_t accum_matmul(int32x4_t acc, int8x16_t a, int8x16_t b) {
      |                                                           ~~~~~~~~~~^
/home/karen/Documents/cactus/cactus/kernel/kernel_attention.cpp: In function ‘void cactus_gpt_j_rope_f16(const __fp16*, __fp16*, size_t, size_t, size_t, size_t, size_t, size_t, float)’:
/home/karen/Documents/cactus/cactus/kernel/kernel_attention.cpp:689:18: warning: unused variable ‘half_dim’ [-Wunused-variable]
  689 |     const size_t half_dim = head_dim / 2;
      |                  ^~~~~~~~
In file included from /home/karen/Documents/cactus/cactus/kernel/kernel_blas.cpp:2:
/home/karen/Documents/cactus/cactus/kernel/kernel_utils.h: In function ‘int32x4_t accum_matmul(int32x4_t, int8x16_t, int8x16_t)’:
/home/karen/Documents/cactus/cactus/kernel/kernel_utils.h:100:56: warning: unused parameter ‘a’ [-Wunused-parameter]
  100 | inline int32x4_t accum_matmul(int32x4_t acc, int8x16_t a, int8x16_t b) {
      |                                              ~~~~~~~~~~^
/home/karen/Documents/cactus/cactus/kernel/kernel_utils.h:100:69: warning: unused parameter ‘b’ [-Wunused-parameter]
  100 | inline int32x4_t accum_matmul(int32x4_t acc, int8x16_t a, int8x16_t b) {
      |                                                           ~~~~~~~~~~^
In file included from /home/karen/Documents/cactus/cactus/kernel/kernel_nn.cpp:2:
/home/karen/Documents/cactus/cactus/kernel/kernel_utils.h: In function ‘int32x4_t accum_matmul(int32x4_t, int8x16_t, int8x16_t)’:
/home/karen/Documents/cactus/cactus/kernel/kernel_utils.h:100:56: warning: unused parameter ‘a’ [-Wunused-parameter]
  100 | inline int32x4_t accum_matmul(int32x4_t acc, int8x16_t a, int8x16_t b) {
      |                                              ~~~~~~~~~~^
/home/karen/Documents/cactus/cactus/kernel/kernel_utils.h:100:69: warning: unused parameter ‘b’ [-Wunused-parameter]
  100 | inline int32x4_t accum_matmul(int32x4_t acc, int8x16_t a, int8x16_t b) {
      |                                                           ~~~~~~~~~~^
In file included from /home/karen/Documents/cactus/cactus/kernel/kernel_quants.cpp:2:
/home/karen/Documents/cactus/cactus/kernel/kernel_utils.h: In function ‘int32x4_t accum_matmul(int32x4_t, int8x16_t, int8x16_t)’:
/home/karen/Documents/cactus/cactus/kernel/kernel_utils.h:100:56: warning: unused parameter ‘a’ [-Wunused-parameter]
  100 | inline int32x4_t accum_matmul(int32x4_t acc, int8x16_t a, int8x16_t b) {
      |                                              ~~~~~~~~~~^
/home/karen/Documents/cactus/cactus/kernel/kernel_utils.h:100:69: warning: unused parameter ‘b’ [-Wunused-parameter]
  100 | inline int32x4_t accum_matmul(int32x4_t acc, int8x16_t a, int8x16_t b) {
      |                                                           ~~~~~~~~~~^
In file included from /home/karen/Documents/cactus/cactus/kernel/kernel_conv.cpp:2:
/home/karen/Documents/cactus/cactus/kernel/kernel_utils.h: In function ‘int32x4_t accum_matmul(int32x4_t, int8x16_t, int8x16_t)’:
/home/karen/Documents/cactus/cactus/kernel/kernel_utils.h:100:56: warning: unused parameter ‘a’ [-Wunused-parameter]
  100 | inline int32x4_t accum_matmul(int32x4_t acc, int8x16_t a, int8x16_t b) {
      |                                              ~~~~~~~~~~^
/home/karen/Documents/cactus/cactus/kernel/kernel_utils.h:100:69: warning: unused parameter ‘b’ [-Wunused-parameter]
  100 | inline int32x4_t accum_matmul(int32x4_t acc, int8x16_t a, int8x16_t b) {
      |                                                           ~~~~~~~~~~^
/home/karen/Documents/cactus/cactus/kernel/kernel_gemm.cpp:191: warning: ignoring ‘#pragma unroll ’ [-Wunknown-pragmas]
  191 |                                 #pragma unroll
In file included from /home/karen/Documents/cactus/cactus/kernel/kernel_reduce.cpp:2:
/home/karen/Documents/cactus/cactus/kernel/kernel_utils.h: In function ‘int32x4_t accum_matmul(int32x4_t, int8x16_t, int8x16_t)’:
/home/karen/Documents/cactus/cactus/kernel/kernel_utils.h:100:56: warning: unused parameter ‘a’ [-Wunused-parameter]
  100 | inline int32x4_t accum_matmul(int32x4_t acc, int8x16_t a, int8x16_t b) {
      |                                              ~~~~~~~~~~^
/home/karen/Documents/cactus/cactus/kernel/kernel_utils.h:100:69: warning: unused parameter ‘b’ [-Wunused-parameter]
  100 | inline int32x4_t accum_matmul(int32x4_t acc, int8x16_t a, int8x16_t b) {
      |                                                           ~~~~~~~~~~^
In file included from /home/karen/Documents/cactus/cactus/kernel/kernel_gemm.cpp:2:
/home/karen/Documents/cactus/cactus/kernel/kernel_utils.h: In function ‘int32x4_t accum_matmul(int32x4_t, int8x16_t, int8x16_t)’:
/home/karen/Documents/cactus/cactus/kernel/kernel_utils.h:100:56: warning: unused parameter ‘a’ [-Wunused-parameter]
  100 | inline int32x4_t accum_matmul(int32x4_t acc, int8x16_t a, int8x16_t b) {
      |                                              ~~~~~~~~~~^
/home/karen/Documents/cactus/cactus/kernel/kernel_utils.h:100:69: warning: unused parameter ‘b’ [-Wunused-parameter]
  100 | inline int32x4_t accum_matmul(int32x4_t acc, int8x16_t a, int8x16_t b) {
      |                                                           ~~~~~~~~~~^
In file included from /home/karen/Documents/cactus/cactus/kernel/kernel_nn.cpp:2:
/home/karen/Documents/cactus/cactus/kernel/kernel_utils.h: In function ‘int32x4_t accum_matmul(int32x4_t, int8x16_t, int8x16_t)’:
/home/karen/Documents/cactus/cactus/kernel/kernel_utils.h:100:56: warning: unused parameter ‘a’ [-Wunused-parameter]
  100 | inline int32x4_t accum_matmul(int32x4_t acc, int8x16_t a, int8x16_t b) {
      |                                              ~~~~~~~~~~^
/home/karen/Documents/cactus/cactus/kernel/kernel_utils.h:100:69: warning: unused parameter ‘b’ [-Wunused-parameter]
  100 | inline int32x4_t accum_matmul(int32x4_t acc, int8x16_t a, int8x16_t b) {
      |                                                           ~~~~~~~~~~^
In file included from /home/karen/Documents/cactus/cactus/kernel/kernel_quants.cpp:2:
/home/karen/Documents/cactus/cactus/kernel/kernel_utils.h: In function ‘int32x4_t accum_matmul(int32x4_t, int8x16_t, int8x16_t)’:
/home/karen/Documents/cactus/cactus/kernel/kernel_utils.h:100:56: warning: unused parameter ‘a’ [-Wunused-parameter]
  100 | inline int32x4_t accum_matmul(int32x4_t acc, int8x16_t a, int8x16_t b) {
      |                                              ~~~~~~~~~~^
/home/karen/Documents/cactus/cactus/kernel/kernel_utils.h:100:69: warning: unused parameter ‘b’ [-Wunused-parameter]
  100 | inline int32x4_t accum_matmul(int32x4_t acc, int8x16_t a, int8x16_t b) {
      |                                                           ~~~~~~~~~~^
In file included from /home/karen/Documents/cactus/cactus/kernel/kernel_reduce.cpp:2:
/home/karen/Documents/cactus/cactus/kernel/kernel_utils.h: In function ‘int32x4_t accum_matmul(int32x4_t, int8x16_t, int8x16_t)’:
/home/karen/Documents/cactus/cactus/kernel/kernel_utils.h:100:56: warning: unused parameter ‘a’ [-Wunused-parameter]
  100 | inline int32x4_t accum_matmul(int32x4_t acc, int8x16_t a, int8x16_t b) {
      |                                              ~~~~~~~~~~^
/home/karen/Documents/cactus/cactus/kernel/kernel_utils.h:100:69: warning: unused parameter ‘b’ [-Wunused-parameter]
  100 | inline int32x4_t accum_matmul(int32x4_t acc, int8x16_t a, int8x16_t b) {
      |                                                           ~~~~~~~~~~^
In file included from /home/karen/Documents/cactus/cactus/kernel/kernel_scalar.cpp:2:
/home/karen/Documents/cactus/cactus/kernel/kernel_utils.h: In function ‘int32x4_t accum_matmul(int32x4_t, int8x16_t, int8x16_t)’:
/home/karen/Documents/cactus/cactus/kernel/kernel_utils.h:100:56: warning: unused parameter ‘a’ [-Wunused-parameter]
  100 | inline int32x4_t accum_matmul(int32x4_t acc, int8x16_t a, int8x16_t b) {
      |                                              ~~~~~~~~~~^
/home/karen/Documents/cactus/cactus/kernel/kernel_utils.h:100:69: warning: unused parameter ‘b’ [-Wunused-parameter]
  100 | inline int32x4_t accum_matmul(int32x4_t acc, int8x16_t a, int8x16_t b) {
      |                                                           ~~~~~~~~~~^
In file included from /home/karen/Documents/cactus/cactus/kernel/kernel_scalar.cpp:2:
/home/karen/Documents/cactus/cactus/kernel/kernel_utils.h: In function ‘int32x4_t accum_matmul(int32x4_t, int8x16_t, int8x16_t)’:
/home/karen/Documents/cactus/cactus/kernel/kernel_utils.h:100:56: warning: unused parameter ‘a’ [-Wunused-parameter]
  100 | inline int32x4_t accum_matmul(int32x4_t acc, int8x16_t a, int8x16_t b) {
      |                                              ~~~~~~~~~~^
/home/karen/Documents/cactus/cactus/kernel/kernel_utils.h:100:69: warning: unused parameter ‘b’ [-Wunused-parameter]
  100 | inline int32x4_t accum_matmul(int32x4_t acc, int8x16_t a, int8x16_t b) {
      |                                                           ~~~~~~~~~~^
In file included from /home/karen/Documents/cactus/cactus/ffi/cactus_complete.cpp:2:
/home/karen/Documents/cactus/cactus/ffi/cactus_utils.h: In function ‘std::string cactus::ffi::generateUUID()’:
/home/karen/Documents/cactus/cactus/ffi/cactus_utils.h:96:1: warning: no return statement in function returning non-void [-Wreturn-type]
   96 | }
      | ^
/home/karen/Documents/cactus/cactus/ffi/cactus_utils.h: At global scope:
/home/karen/Documents/cactus/cactus/ffi/cactus_utils.h:617:20: warning: inline function ‘const char* register_app(const char*)’ declared weak [-Wattributes]
  617 | inline const char* register_app(const char* encrypted_data) {
      |                    ^~~~~~~~~~~~
/home/karen/Documents/cactus/cactus/ffi/cactus_utils.h:625:20: warning: inline function ‘const char* get_device_id(const char*)’ declared weak [-Wattributes]
  625 | inline const char* get_device_id(const char* current_token) {
      |                    ^~~~~~~~~~~~~
In file included from /home/karen/Documents/cactus/cactus/ffi/cactus_complete.cpp:3:
/home/karen/Documents/cactus/cactus/ffi/cactus_telemetry.h: In static member function ‘static std::string cactus::ffi::DeviceManager::registerDevice(const std::string&, const std::string&)’:
/home/karen/Documents/cactus/cactus/ffi/cactus_telemetry.h:284:69: warning: unused parameter ‘device_id’ [-Wunused-parameter]
  284 | inline std::string DeviceManager::registerDevice(const std::string& device_id, const std::string& pro_key) {
      |                                                  ~~~~~~~~~~~~~~~~~~~^~~~~~~~~
/home/karen/Documents/cactus/cactus/ffi/cactus_telemetry.h:284:99: warning: unused parameter ‘pro_key’ [-Wunused-parameter]
  284 | inline std::string DeviceManager::registerDevice(const std::string& device_id, const std::string& pro_key) {
      |                                                                                ~~~~~~~~~~~~~~~~~~~^~~~~~~
In file included from /home/karen/Documents/cactus/cactus/ffi/cactus_embed.cpp:2:
/home/karen/Documents/cactus/cactus/ffi/cactus_utils.h: In function ‘std::string cactus::ffi::generateUUID()’:
/home/karen/Documents/cactus/cactus/ffi/cactus_utils.h:96:1: warning: no return statement in function returning non-void [-Wreturn-type]
   96 | }
      | ^
/home/karen/Documents/cactus/cactus/ffi/cactus_utils.h: At global scope:
/home/karen/Documents/cactus/cactus/ffi/cactus_utils.h:617:20: warning: inline function ‘const char* register_app(const char*)’ declared weak [-Wattributes]
  617 | inline const char* register_app(const char* encrypted_data) {
      |                    ^~~~~~~~~~~~
/home/karen/Documents/cactus/cactus/ffi/cactus_utils.h:625:20: warning: inline function ‘const char* get_device_id(const char*)’ declared weak [-Wattributes]
  625 | inline const char* get_device_id(const char* current_token) {
      |                    ^~~~~~~~~~~~~
In file included from /home/karen/Documents/cactus/cactus/ffi/cactus_complete.cpp:2:
/home/karen/Documents/cactus/cactus/ffi/cactus_utils.h: In function ‘std::string cactus::ffi::generateUUID()’:
/home/karen/Documents/cactus/cactus/ffi/cactus_utils.h:96:1: warning: no return statement in function returning non-void [-Wreturn-type]
   96 | }
      | ^
/home/karen/Documents/cactus/cactus/ffi/cactus_utils.h: At global scope:
/home/karen/Documents/cactus/cactus/ffi/cactus_utils.h:617:20: warning: inline function ‘const char* register_app(const char*)’ declared weak [-Wattributes]
  617 | inline const char* register_app(const char* encrypted_data) {
      |                    ^~~~~~~~~~~~
/home/karen/Documents/cactus/cactus/ffi/cactus_utils.h:625:20: warning: inline function ‘const char* get_device_id(const char*)’ declared weak [-Wattributes]
  625 | inline const char* get_device_id(const char* current_token) {
      |                    ^~~~~~~~~~~~~
In file included from /home/karen/Documents/cactus/cactus/ffi/cactus_embed.cpp:3:
/home/karen/Documents/cactus/cactus/ffi/cactus_telemetry.h: In static member function ‘static std::string cactus::ffi::DeviceManager::registerDevice(const std::string&, const std::string&)’:
/home/karen/Documents/cactus/cactus/ffi/cactus_telemetry.h:284:69: warning: unused parameter ‘device_id’ [-Wunused-parameter]
  284 | inline std::string DeviceManager::registerDevice(const std::string& device_id, const std::string& pro_key) {
      |                                                  ~~~~~~~~~~~~~~~~~~~^~~~~~~~~
/home/karen/Documents/cactus/cactus/ffi/cactus_telemetry.h:284:99: warning: unused parameter ‘pro_key’ [-Wunused-parameter]
  284 | inline std::string DeviceManager::registerDevice(const std::string& device_id, const std::string& pro_key) {
      |                                                                                ~~~~~~~~~~~~~~~~~~~^~~~~~~
In file included from /home/karen/Documents/cactus/cactus/ffi/cactus_complete.cpp:3:
/home/karen/Documents/cactus/cactus/ffi/cactus_telemetry.h: In static member function ‘static std::string cactus::ffi::DeviceManager::registerDevice(const std::string&, const std::string&)’:
/home/karen/Documents/cactus/cactus/ffi/cactus_telemetry.h:284:69: warning: unused parameter ‘device_id’ [-Wunused-parameter]
  284 | inline std::string DeviceManager::registerDevice(const std::string& device_id, const std::string& pro_key) {
      |                                                  ~~~~~~~~~~~~~~~~~~~^~~~~~~~~
/home/karen/Documents/cactus/cactus/ffi/cactus_telemetry.h:284:99: warning: unused parameter ‘pro_key’ [-Wunused-parameter]
  284 | inline std::string DeviceManager::registerDevice(const std::string& device_id, const std::string& pro_key) {
      |                                                                                ~~~~~~~~~~~~~~~~~~~^~~~~~~
In file included from /home/karen/Documents/cactus/cactus/ffi/cactus_index.cpp:2:
/home/karen/Documents/cactus/cactus/ffi/cactus_utils.h: In function ‘std::string cactus::ffi::generateUUID()’:
/home/karen/Documents/cactus/cactus/ffi/cactus_utils.h:96:1: warning: no return statement in function returning non-void [-Wreturn-type]
   96 | }
      | ^
/home/karen/Documents/cactus/cactus/ffi/cactus_utils.h: At global scope:
/home/karen/Documents/cactus/cactus/ffi/cactus_utils.h:617:20: warning: inline function ‘const char* register_app(const char*)’ declared weak [-Wattributes]
  617 | inline const char* register_app(const char* encrypted_data) {
      |                    ^~~~~~~~~~~~
/home/karen/Documents/cactus/cactus/ffi/cactus_utils.h:625:20: warning: inline function ‘const char* get_device_id(const char*)’ declared weak [-Wattributes]
  625 | inline const char* get_device_id(const char* current_token) {
      |                    ^~~~~~~~~~~~~
In file included from /home/karen/Documents/cactus/cactus/ffi/cactus_init.cpp:2:
/home/karen/Documents/cactus/cactus/ffi/cactus_utils.h: In function ‘std::string cactus::ffi::generateUUID()’:
/home/karen/Documents/cactus/cactus/ffi/cactus_utils.h:96:1: warning: no return statement in function returning non-void [-Wreturn-type]
   96 | }
      | ^
/home/karen/Documents/cactus/cactus/ffi/cactus_utils.h: At global scope:
/home/karen/Documents/cactus/cactus/ffi/cactus_utils.h:617:20: warning: inline function ‘const char* register_app(const char*)’ declared weak [-Wattributes]
  617 | inline const char* register_app(const char* encrypted_data) {
      |                    ^~~~~~~~~~~~
/home/karen/Documents/cactus/cactus/ffi/cactus_utils.h:625:20: warning: inline function ‘const char* get_device_id(const char*)’ declared weak [-Wattributes]
  625 | inline const char* get_device_id(const char* current_token) {
      |                    ^~~~~~~~~~~~~
In file included from /home/karen/Documents/cactus/cactus/ffi/cactus_init.cpp:3:
/home/karen/Documents/cactus/cactus/ffi/cactus_telemetry.h: In static member function ‘static std::string cactus::ffi::DeviceManager::registerDevice(const std::string&, const std::string&)’:
/home/karen/Documents/cactus/cactus/ffi/cactus_telemetry.h:284:69: warning: unused parameter ‘device_id’ [-Wunused-parameter]
  284 | inline std::string DeviceManager::registerDevice(const std::string& device_id, const std::string& pro_key) {
      |                                                  ~~~~~~~~~~~~~~~~~~~^~~~~~~~~
/home/karen/Documents/cactus/cactus/ffi/cactus_telemetry.h:284:99: warning: unused parameter ‘pro_key’ [-Wunused-parameter]
  284 | inline std::string DeviceManager::registerDevice(const std::string& device_id, const std::string& pro_key) {
      |                                                                                ~~~~~~~~~~~~~~~~~~~^~~~~~~
In file included from /home/karen/Documents/cactus/cactus/ffi/cactus_embed.cpp:2:
/home/karen/Documents/cactus/cactus/ffi/cactus_utils.h: In function ‘std::string cactus::ffi::generateUUID()’:
/home/karen/Documents/cactus/cactus/ffi/cactus_utils.h:96:1: warning: no return statement in function returning non-void [-Wreturn-type]
   96 | }
      | ^
/home/karen/Documents/cactus/cactus/ffi/cactus_utils.h: At global scope:
/home/karen/Documents/cactus/cactus/ffi/cactus_utils.h:617:20: warning: inline function ‘const char* register_app(const char*)’ declared weak [-Wattributes]
  617 | inline const char* register_app(const char* encrypted_data) {
      |                    ^~~~~~~~~~~~
/home/karen/Documents/cactus/cactus/ffi/cactus_utils.h:625:20: warning: inline function ‘const char* get_device_id(const char*)’ declared weak [-Wattributes]
  625 | inline const char* get_device_id(const char* current_token) {
      |                    ^~~~~~~~~~~~~
In file included from /home/karen/Documents/cactus/cactus/ffi/cactus_embed.cpp:3:
/home/karen/Documents/cactus/cactus/ffi/cactus_telemetry.h: In static member function ‘static std::string cactus::ffi::DeviceManager::registerDevice(const std::string&, const std::string&)’:
/home/karen/Documents/cactus/cactus/ffi/cactus_telemetry.h:284:69: warning: unused parameter ‘device_id’ [-Wunused-parameter]
  284 | inline std::string DeviceManager::registerDevice(const std::string& device_id, const std::string& pro_key) {
      |                                                  ~~~~~~~~~~~~~~~~~~~^~~~~~~~~
/home/karen/Documents/cactus/cactus/ffi/cactus_telemetry.h:284:99: warning: unused parameter ‘pro_key’ [-Wunused-parameter]
  284 | inline std::string DeviceManager::registerDevice(const std::string& device_id, const std::string& pro_key) {
      |                                                                                ~~~~~~~~~~~~~~~~~~~^~~~~~~
In file included from /home/karen/Documents/cactus/cactus/ffi/cactus_rag.cpp:2:
/home/karen/Documents/cactus/cactus/ffi/cactus_utils.h: In function ‘std::string cactus::ffi::generateUUID()’:
/home/karen/Documents/cactus/cactus/ffi/cactus_utils.h:96:1: warning: no return statement in function returning non-void [-Wreturn-type]
   96 | }
      | ^
/home/karen/Documents/cactus/cactus/ffi/cactus_utils.h: At global scope:
/home/karen/Documents/cactus/cactus/ffi/cactus_utils.h:617:20: warning: inline function ‘const char* register_app(const char*)’ declared weak [-Wattributes]
  617 | inline const char* register_app(const char* encrypted_data) {
      |                    ^~~~~~~~~~~~
/home/karen/Documents/cactus/cactus/ffi/cactus_utils.h:625:20: warning: inline function ‘const char* get_device_id(const char*)’ declared weak [-Wattributes]
  625 | inline const char* get_device_id(const char* current_token) {
      |                    ^~~~~~~~~~~~~
In file included from /home/karen/Documents/cactus/cactus/ffi/cactus_index.cpp:2:
/home/karen/Documents/cactus/cactus/ffi/cactus_utils.h: In function ‘std::string cactus::ffi::generateUUID()’:
/home/karen/Documents/cactus/cactus/ffi/cactus_utils.h:96:1: warning: no return statement in function returning non-void [-Wreturn-type]
   96 | }
      | ^
/home/karen/Documents/cactus/cactus/ffi/cactus_utils.h: At global scope:
/home/karen/Documents/cactus/cactus/ffi/cactus_utils.h:617:20: warning: inline function ‘const char* register_app(const char*)’ declared weak [-Wattributes]
  617 | inline const char* register_app(const char* encrypted_data) {
      |                    ^~~~~~~~~~~~
/home/karen/Documents/cactus/cactus/ffi/cactus_utils.h:625:20: warning: inline function ‘const char* get_device_id(const char*)’ declared weak [-Wattributes]
  625 | inline const char* get_device_id(const char* current_token) {
      |                    ^~~~~~~~~~~~~
In file included from /home/karen/Documents/cactus/cactus/ffi/cactus_stream.cpp:2:
/home/karen/Documents/cactus/cactus/ffi/cactus_utils.h: In function ‘std::string cactus::ffi::generateUUID()’:
/home/karen/Documents/cactus/cactus/ffi/cactus_utils.h:96:1: warning: no return statement in function returning non-void [-Wreturn-type]
   96 | }
      | ^
/home/karen/Documents/cactus/cactus/ffi/cactus_utils.h: At global scope:
/home/karen/Documents/cactus/cactus/ffi/cactus_utils.h:617:20: warning: inline function ‘const char* register_app(const char*)’ declared weak [-Wattributes]
  617 | inline const char* register_app(const char* encrypted_data) {
      |                    ^~~~~~~~~~~~
/home/karen/Documents/cactus/cactus/ffi/cactus_utils.h:625:20: warning: inline function ‘const char* get_device_id(const char*)’ declared weak [-Wattributes]
  625 | inline const char* get_device_id(const char* current_token) {
      |                    ^~~~~~~~~~~~~
In file included from /home/karen/Documents/cactus/cactus/ffi/cactus_init.cpp:2:
/home/karen/Documents/cactus/cactus/ffi/cactus_utils.h: In function ‘std::string cactus::ffi::generateUUID()’:
/home/karen/Documents/cactus/cactus/ffi/cactus_utils.h:96:1: warning: no return statement in function returning non-void [-Wreturn-type]
   96 | }
      | ^
/home/karen/Documents/cactus/cactus/ffi/cactus_utils.h: At global scope:
/home/karen/Documents/cactus/cactus/ffi/cactus_utils.h:617:20: warning: inline function ‘const char* register_app(const char*)’ declared weak [-Wattributes]
  617 | inline const char* register_app(const char* encrypted_data) {
      |                    ^~~~~~~~~~~~
/home/karen/Documents/cactus/cactus/ffi/cactus_utils.h:625:20: warning: inline function ‘const char* get_device_id(const char*)’ declared weak [-Wattributes]
  625 | inline const char* get_device_id(const char* current_token) {
      |                    ^~~~~~~~~~~~~
In file included from /home/karen/Documents/cactus/cactus/ffi/cactus_init.cpp:3:
/home/karen/Documents/cactus/cactus/ffi/cactus_telemetry.h: In static member function ‘static std::string cactus::ffi::DeviceManager::registerDevice(const std::string&, const std::string&)’:
/home/karen/Documents/cactus/cactus/ffi/cactus_telemetry.h:284:69: warning: unused parameter ‘device_id’ [-Wunused-parameter]
  284 | inline std::string DeviceManager::registerDevice(const std::string& device_id, const std::string& pro_key) {
      |                                                  ~~~~~~~~~~~~~~~~~~~^~~~~~~~~
/home/karen/Documents/cactus/cactus/ffi/cactus_telemetry.h:284:99: warning: unused parameter ‘pro_key’ [-Wunused-parameter]
  284 | inline std::string DeviceManager::registerDevice(const std::string& device_id, const std::string& pro_key) {
      |                                                                                ~~~~~~~~~~~~~~~~~~~^~~~~~~
In file included from /home/karen/Documents/cactus/cactus/ffi/cactus_rag.cpp:2:
/home/karen/Documents/cactus/cactus/ffi/cactus_utils.h: In function ‘std::string cactus::ffi::generateUUID()’:
/home/karen/Documents/cactus/cactus/ffi/cactus_utils.h:96:1: warning: no return statement in function returning non-void [-Wreturn-type]
   96 | }
      | ^
In file included from /home/karen/Documents/cactus/cactus/ffi/cactus_telemetry.h:15,
                 from /home/karen/Documents/cactus/cactus/ffi/cactus_telemetry.cpp:1:
/home/karen/Documents/cactus/cactus/ffi/cactus_utils.h: In function ‘std::string cactus::ffi::generateUUID()’:
/home/karen/Documents/cactus/cactus/ffi/cactus_utils.h:96:1: warning: no return statement in function returning non-void [-Wreturn-type]
   96 | }
      | ^
/home/karen/Documents/cactus/cactus/ffi/cactus_utils.h: At global scope:
/home/karen/Documents/cactus/cactus/ffi/cactus_utils.h:617:20: warning: inline function ‘const char* register_app(const char*)’ declared weak [-Wattributes]
  617 | inline const char* register_app(const char* encrypted_data) {
      |                    ^~~~~~~~~~~~
/home/karen/Documents/cactus/cactus/ffi/cactus_utils.h:625:20: warning: inline function ‘const char* get_device_id(const char*)’ declared weak [-Wattributes]
  625 | inline const char* get_device_id(const char* current_token) {
      |                    ^~~~~~~~~~~~~
/home/karen/Documents/cactus/cactus/ffi/cactus_utils.h: At global scope:
/home/karen/Documents/cactus/cactus/ffi/cactus_utils.h:617:20: warning: inline function ‘const char* register_app(const char*)’ declared weak [-Wattributes]
  617 | inline const char* register_app(const char* encrypted_data) {
      |                    ^~~~~~~~~~~~
/home/karen/Documents/cactus/cactus/ffi/cactus_utils.h:625:20: warning: inline function ‘const char* get_device_id(const char*)’ declared weak [-Wattributes]
  625 | inline const char* get_device_id(const char* current_token) {
      |                    ^~~~~~~~~~~~~
/home/karen/Documents/cactus/cactus/ffi/cactus_telemetry.h: In static member function ‘static std::string cactus::ffi::DeviceManager::registerDevice(const std::string&, const std::string&)’:
/home/karen/Documents/cactus/cactus/ffi/cactus_telemetry.h:284:69: warning: unused parameter ‘device_id’ [-Wunused-parameter]
  284 | inline std::string DeviceManager::registerDevice(const std::string& device_id, const std::string& pro_key) {
      |                                                  ~~~~~~~~~~~~~~~~~~~^~~~~~~~~
/home/karen/Documents/cactus/cactus/ffi/cactus_telemetry.h:284:99: warning: unused parameter ‘pro_key’ [-Wunused-parameter]
  284 | inline std::string DeviceManager::registerDevice(const std::string& device_id, const std::string& pro_key) {
      |                                                                                ~~~~~~~~~~~~~~~~~~~^~~~~~~
In file included from /home/karen/Documents/cactus/cactus/ffi/cactus_transcribe.cpp:2:
/home/karen/Documents/cactus/cactus/ffi/cactus_utils.h: In function ‘std::string cactus::ffi::generateUUID()’:
/home/karen/Documents/cactus/cactus/ffi/cactus_utils.h:96:1: warning: no return statement in function returning non-void [-Wreturn-type]
   96 | }
      | ^
/home/karen/Documents/cactus/cactus/ffi/cactus_utils.h: At global scope:
/home/karen/Documents/cactus/cactus/ffi/cactus_utils.h:617:20: warning: inline function ‘const char* register_app(const char*)’ declared weak [-Wattributes]
  617 | inline const char* register_app(const char* encrypted_data) {
      |                    ^~~~~~~~~~~~
/home/karen/Documents/cactus/cactus/ffi/cactus_utils.h:625:20: warning: inline function ‘const char* get_device_id(const char*)’ declared weak [-Wattributes]
  625 | inline const char* get_device_id(const char* current_token) {
      |                    ^~~~~~~~~~~~~
In file included from /home/karen/Documents/cactus/cactus/ffi/cactus_transcribe.cpp:3:
/home/karen/Documents/cactus/cactus/ffi/cactus_telemetry.h: In static member function ‘static std::string cactus::ffi::DeviceManager::registerDevice(const std::string&, const std::string&)’:
/home/karen/Documents/cactus/cactus/ffi/cactus_telemetry.h:284:69: warning: unused parameter ‘device_id’ [-Wunused-parameter]
  284 | inline std::string DeviceManager::registerDevice(const std::string& device_id, const std::string& pro_key) {
      |                                                  ~~~~~~~~~~~~~~~~~~~^~~~~~~~~
/home/karen/Documents/cactus/cactus/ffi/cactus_telemetry.h:284:99: warning: unused parameter ‘pro_key’ [-Wunused-parameter]
  284 | inline std::string DeviceManager::registerDevice(const std::string& device_id, const std::string& pro_key) {
      |                                                                                ~~~~~~~~~~~~~~~~~~~^~~~~~~
/home/karen/Documents/cactus/cactus/ffi/cactus_transcribe.cpp: At global scope:
/home/karen/Documents/cactus/cactus/ffi/cactus_transcribe.cpp:84:27: warning: ‘std::vector<float> compute_whisper_mel_from_wav(const std::string&)’ defined but not used [-Wunused-function]
   84 | static std::vector<float> compute_whisper_mel_from_wav(const std::string& wav_path) {
      |                           ^~~~~~~~~~~~~~~~~~~~~~~~~~~~
/home/karen/Documents/cactus/cactus/ffi/cactus_transcribe.cpp:62:27: warning: ‘std::vector<float> compute_whisper_mel_from_pcm(const int16_t*, size_t, int)’ defined but not used [-Wunused-function]
   62 | static std::vector<float> compute_whisper_mel_from_pcm(const int16_t* pcm_samples, size_t num_samples, int sample_rate_in) {
      |                           ^~~~~~~~~~~~~~~~~~~~~~~~~~~~
In file included from /home/karen/Documents/cactus/cactus/ffi/cactus_stream.cpp:2:
/home/karen/Documents/cactus/cactus/ffi/cactus_utils.h: In function ‘std::string cactus::ffi::generateUUID()’:
/home/karen/Documents/cactus/cactus/ffi/cactus_utils.h:96:1: warning: no return statement in function returning non-void [-Wreturn-type]
   96 | }
      | ^
/home/karen/Documents/cactus/cactus/ffi/cactus_utils.h: At global scope:
/home/karen/Documents/cactus/cactus/ffi/cactus_utils.h:617:20: warning: inline function ‘const char* register_app(const char*)’ declared weak [-Wattributes]
  617 | inline const char* register_app(const char* encrypted_data) {
      |                    ^~~~~~~~~~~~
/home/karen/Documents/cactus/cactus/ffi/cactus_utils.h:625:20: warning: inline function ‘const char* get_device_id(const char*)’ declared weak [-Wattributes]
  625 | inline const char* get_device_id(const char* current_token) {
      |                    ^~~~~~~~~~~~~
In file included from /home/karen/Documents/cactus/cactus/ffi/cactus_telemetry.h:15,
                 from /home/karen/Documents/cactus/cactus/ffi/cactus_telemetry.cpp:1:
/home/karen/Documents/cactus/cactus/ffi/cactus_utils.h: In function ‘std::string cactus::ffi::generateUUID()’:
/home/karen/Documents/cactus/cactus/ffi/cactus_utils.h:96:1: warning: no return statement in function returning non-void [-Wreturn-type]
   96 | }
      | ^
/home/karen/Documents/cactus/cactus/ffi/cactus_utils.h: At global scope:
/home/karen/Documents/cactus/cactus/ffi/cactus_utils.h:617:20: warning: inline function ‘const char* register_app(const char*)’ declared weak [-Wattributes]
  617 | inline const char* register_app(const char* encrypted_data) {
      |                    ^~~~~~~~~~~~
/home/karen/Documents/cactus/cactus/ffi/cactus_utils.h:625:20: warning: inline function ‘const char* get_device_id(const char*)’ declared weak [-Wattributes]
  625 | inline const char* get_device_id(const char* current_token) {
      |                    ^~~~~~~~~~~~~
/home/karen/Documents/cactus/cactus/ffi/cactus_telemetry.h: In static member function ‘static std::string cactus::ffi::DeviceManager::registerDevice(const std::string&, const std::string&)’:
/home/karen/Documents/cactus/cactus/ffi/cactus_telemetry.h:284:69: warning: unused parameter ‘device_id’ [-Wunused-parameter]
  284 | inline std::string DeviceManager::registerDevice(const std::string& device_id, const std::string& pro_key) {
      |                                                  ~~~~~~~~~~~~~~~~~~~^~~~~~~~~
/home/karen/Documents/cactus/cactus/ffi/cactus_telemetry.h:284:99: warning: unused parameter ‘pro_key’ [-Wunused-parameter]
  284 | inline std::string DeviceManager::registerDevice(const std::string& device_id, const std::string& pro_key) {
      |                                                                                ~~~~~~~~~~~~~~~~~~~^~~~~~~
/home/karen/Documents/cactus/cactus/models/model_moonshine.cpp: In member function ‘size_t cactus::engine::MoonshineModel::build_audio_preprocessor(CactusGraph*, size_t)’:
/home/karen/Documents/cactus/cactus/models/model_moonshine.cpp:421:30: error: no matching function for call to ‘CactusGraph::conv1d(size_t&, size_t&, std::nullptr_t, int)’
  421 |     size_t conv1 = gb->conv1d(conv_input, weight_nodes_.encoder_conv1_weight, nullptr, 64);
      |                    ~~~~~~~~~~^~~~~~~~~~~~~~~~~~~~~~~~~~~~~~~~~~~~~~~~~~~~~~~~~~~~~~~~~~~~~
In file included from /home/karen/Documents/cactus/cactus/models/../engine/engine.h:10,
                 from /home/karen/Documents/cactus/cactus/models/model.h:3,
                 from /home/karen/Documents/cactus/cactus/models/model_moonshine.cpp:1:
/home/karen/Documents/cactus/cactus/models/../engine/../graph/graph.h:445:12: note: candidate: ‘size_t CactusGraph::conv1d(size_t, size_t, size_t)’
  445 |     size_t conv1d(size_t input, size_t weight, size_t stride);
      |            ^~~~~~
/home/karen/Documents/cactus/cactus/models/../engine/../graph/graph.h:445:12: note:   candidate expects 3 arguments, 4 provided
/home/karen/Documents/cactus/cactus/models/../engine/../graph/graph.h:446:12: note: candidate: ‘size_t CactusGraph::conv1d(size_t, size_t, size_t, size_t)’
  446 |     size_t conv1d(size_t input, size_t weight, size_t bias, size_t stride);
      |            ^~~~~~
/home/karen/Documents/cactus/cactus/models/../engine/../graph/graph.h:446:55: note:   no known conversion for argument 3 from ‘std::nullptr_t’ to ‘size_t’ {aka ‘long unsigned int’}
  446 |     size_t conv1d(size_t input, size_t weight, size_t bias, size_t stride);
      |                                                ~~~~~~~^~~~
/home/karen/Documents/cactus/cactus/models/model_moonshine.cpp:431:30: error: no matching function for call to ‘CactusGraph::conv1d(size_t&, size_t&, std::nullptr_t, int)’
  431 |     size_t conv2 = gb->conv1d(gn, weight_nodes_.encoder_conv2_weight, nullptr, 3);
      |                    ~~~~~~~~~~^~~~~~~~~~~~~~~~~~~~~~~~~~~~~~~~~~~~~~~~~~~~~~~~~~~~
/home/karen/Documents/cactus/cactus/models/../engine/../graph/graph.h:445:12: note: candidate: ‘size_t CactusGraph::conv1d(size_t, size_t, size_t)’
  445 |     size_t conv1d(size_t input, size_t weight, size_t stride);
      |            ^~~~~~
/home/karen/Documents/cactus/cactus/models/../engine/../graph/graph.h:445:12: note:   candidate expects 3 arguments, 4 provided
/home/karen/Documents/cactus/cactus/models/../engine/../graph/graph.h:446:12: note: candidate: ‘size_t CactusGraph::conv1d(size_t, size_t, size_t, size_t)’
  446 |     size_t conv1d(size_t input, size_t weight, size_t bias, size_t stride);
      |            ^~~~~~
/home/karen/Documents/cactus/cactus/models/../engine/../graph/graph.h:446:55: note:   no known conversion for argument 3 from ‘std::nullptr_t’ to ‘size_t’ {aka ‘long unsigned int’}
  446 |     size_t conv1d(size_t input, size_t weight, size_t bias, size_t stride);
      |                                                ~~~~~~~^~~~
/home/karen/Documents/cactus/cactus/models/model_moonshine.cpp:444:30: error: no matching function for call to ‘CactusGraph::conv1d(size_t&, size_t&, std::nullptr_t, int)’
  444 |     size_t conv3 = gb->conv1d(conv2, weight_nodes_.encoder_conv3_weight, nullptr, 2);
      |                    ~~~~~~~~~~^~~~~~~~~~~~~~~~~~~~~~~~~~~~~~~~~~~~~~~~~~~~~~~~~~~~~~~
/home/karen/Documents/cactus/cactus/models/../engine/../graph/graph.h:445:12: note: candidate: ‘size_t CactusGraph::conv1d(size_t, size_t, size_t)’
  445 |     size_t conv1d(size_t input, size_t weight, size_t stride);
      |            ^~~~~~
/home/karen/Documents/cactus/cactus/models/../engine/../graph/graph.h:445:12: note:   candidate expects 3 arguments, 4 provided
/home/karen/Documents/cactus/cactus/models/../engine/../graph/graph.h:446:12: note: candidate: ‘size_t CactusGraph::conv1d(size_t, size_t, size_t, size_t)’
  446 |     size_t conv1d(size_t input, size_t weight, size_t bias, size_t stride);
      |            ^~~~~~
/home/karen/Documents/cactus/cactus/models/../engine/../graph/graph.h:446:55: note:   no known conversion for argument 3 from ‘std::nullptr_t’ to ‘size_t’ {aka ‘long unsigned int’}
  446 |     size_t conv1d(size_t input, size_t weight, size_t bias, size_t stride);
      |                                                ~~~~~~~^~~~
/home/karen/Documents/cactus/cactus/models/model_moonshine.cpp: In member function ‘size_t cactus::engine::MoonshineModel::build_encoder_transformer_block(CactusGraph*, size_t, uint32_t, ComputeBackend, bool, size_t)’:
/home/karen/Documents/cactus/cactus/models/model_moonshine.cpp:497:33: error: cannot convert ‘ComputeBackend’ to ‘size_t’ {aka ‘long unsigned int’}
  497 |             gb, ln2, layer_idx, backend
      |                                 ^~~~~~~
      |                                 |
      |                                 ComputeBackend
/home/karen/Documents/cactus/cactus/models/model_moonshine.cpp:148:87: note:   initializing argument 4 of ‘size_t cactus::engine::build_encoder_mlp_gelu(CactusGraph*, size_t, size_t, size_t, size_t, size_t, ComputeBackend)’
  148 | static size_t build_encoder_mlp_gelu(CactusGraph* gb, size_t input, size_t w1, size_t b1, size_t w2, size_t b2, ComputeBackend backend) {
      |                                                                                ~~~~~~~^~
/home/karen/Documents/cactus/cactus/models/model_moonshine.cpp:501:33: error: cannot convert ‘ComputeBackend’ to ‘size_t’ {aka ‘long unsigned int’}
  501 |             gb, ln2, layer_idx, backend
      |                                 ^~~~~~~
      |                                 |
      |                                 ComputeBackend
/home/karen/Documents/cactus/cactus/models/model_moonshine.cpp:157:87: note:   initializing argument 4 of ‘size_t cactus::engine::build_encoder_mlp_silu(CactusGraph*, size_t, size_t, size_t, size_t, size_t, ComputeBackend)’
  157 | static size_t build_encoder_mlp_silu(CactusGraph* gb, size_t input, size_t w1, size_t b1, size_t w2, size_t b2, ComputeBackend backend) {
      |                                                                                ~~~~~~~^~
/home/karen/Documents/cactus/cactus/models/model_moonshine.cpp: In member function ‘size_t cactus::engine::MoonshineModel::build_decoder_transformer_block(CactusGraph*, size_t, uint32_t, ComputeBackend, bool, size_t)’:
/home/karen/Documents/cactus/cactus/models/model_moonshine.cpp:529:33: error: cannot convert ‘ComputeBackend’ to ‘size_t’ {aka ‘long unsigned int’}
  529 |             gb, ln3, layer_idx, backend
      |                                 ^~~~~~~
      |                                 |
      |                                 ComputeBackend
/home/karen/Documents/cactus/cactus/models/model_moonshine.cpp:181:87: note:   initializing argument 4 of ‘size_t cactus::engine::build_decoder_mlp_gelu(CactusGraph*, size_t, size_t, size_t, size_t, size_t, ComputeBackend, size_t)’
  181 | static size_t build_decoder_mlp_gelu(CactusGraph* gb, size_t input, size_t w1, size_t b1, size_t w2, size_t b2, ComputeBackend backend, size_t intermediate_size) {
      |                                                                                ~~~~~~~^~
/home/karen/Documents/cactus/cactus/models/model_moonshine.cpp:533:33: error: cannot convert ‘ComputeBackend’ to ‘size_t’ {aka ‘long unsigned int’}
  533 |             gb, ln3, layer_idx, backend
      |                                 ^~~~~~~
      |                                 |
      |                                 ComputeBackend
/home/karen/Documents/cactus/cactus/models/model_moonshine.cpp:166:87: note:   initializing argument 4 of ‘size_t cactus::engine::build_decoder_mlp_silu(CactusGraph*, size_t, size_t, size_t, size_t, size_t, ComputeBackend, size_t)’
  166 | static size_t build_decoder_mlp_silu(CactusGraph* gb, size_t input, size_t w1, size_t b1, size_t w2, size_t b2, ComputeBackend backend, size_t intermediate_size) {
      |                                                                                ~~~~~~~^~
/home/karen/Documents/cactus/cactus/models/model_moonshine.cpp: In member function ‘size_t cactus::engine::MoonshineModel::build_encoder(CactusGraph*, const std::vector<float>&)’:
/home/karen/Documents/cactus/cactus/models/model_moonshine.cpp:608:35: error: ‘T_mel’ was not declared in this scope
  608 |     mel_input = gb->input({1, 80, T_mel}, Precision::FP16);
      |                                   ^~~~~
/home/karen/Documents/cactus/cactus/models/model_moonshine.cpp:608:26: error: cannot convert ‘<brace-enclosed initializer list>’ to ‘const std::vector<long unsigned int>&’
  608 |     mel_input = gb->input({1, 80, T_mel}, Precision::FP16);
      |                 ~~~~~~~~~^~~~~~~~~~~~~~~~~~~~~~~~~~~~~~~~~
/home/karen/Documents/cactus/cactus/models/../engine/../graph/graph.h:377:45: note:   initializing argument 1 of ‘size_t CactusGraph::input(const std::vector<long unsigned int>&, Precision)’
  377 |     size_t input(const std::vector<size_t>& shape, Precision precision = Precision::INT8);
      |                  ~~~~~~~~~~~~~~~~~~~~~~~~~~~^~~~~
/home/karen/Documents/cactus/cactus/models/model_moonshine.cpp: At global scope:
/home/karen/Documents/cactus/cactus/models/model_moonshine.cpp:656:8: error: no declaration matches ‘size_t cactus::engine::MoonshineModel::build_decoder(const std::vector<unsigned int>&, bool, bool)’
  656 | size_t MoonshineModel::build_decoder(const std::vector<uint32_t>& tokens, bool use_cache, bool last_token_only) {
      |        ^~~~~~~~~~~~~~
/home/karen/Documents/cactus/cactus/models/model_moonshine.cpp:656:8: note: no functions named ‘size_t cactus::engine::MoonshineModel::build_decoder(const std::vector<unsigned int>&, bool, bool)’
/home/karen/Documents/cactus/cactus/models/model.h:634:7: note: ‘class cactus::engine::MoonshineModel’ defined here
  634 | class MoonshineModel : public Model {
      |       ^~~~~~~~~~~~~~
/home/karen/Documents/cactus/cactus/models/model_moonshine.cpp: In member function ‘virtual size_t cactus::engine::MoonshineModel::forward(const std::vector<float>&, const std::vector<unsigned int>&, bool)’:
/home/karen/Documents/cactus/cactus/models/model_moonshine.cpp:712:58: warning: unused parameter ‘audio_features’ [-Wunused-parameter]
  712 | size_t MoonshineModel::forward(const std::vector<float>& audio_features, const std::vector<uint32_t>& tokens, bool use_cache)
      |                                ~~~~~~~~~~~~~~~~~~~~~~~~~~^~~~~~~~~~~~~~
/home/karen/Documents/cactus/cactus/models/model_moonshine.cpp:712:103: warning: unused parameter ‘tokens’ [-Wunused-parameter]
  712 | size_t MoonshineModel::forward(const std::vector<float>& audio_features, const std::vector<uint32_t>& tokens, bool use_cache)
      |                                                                          ~~~~~~~~~~~~~~~~~~~~~~~~~~~~~^~~~~~
/home/karen/Documents/cactus/cactus/models/model_moonshine.cpp:712:116: warning: unused parameter ‘use_cache’ [-Wunused-parameter]
  712 | size_t MoonshineModel::forward(const std::vector<float>& audio_features, const std::vector<uint32_t>& tokens, bool use_cache)
      |                                                                                                               ~~~~~^~~~~~~~~
/home/karen/Documents/cactus/cactus/models/model_moonshine.cpp: In member function ‘virtual uint32_t cactus::engine::MoonshineModel::decode_with_audio(const std::vector<unsigned int>&, const std::vector<float>&, float, float, size_t, const std::string&, float*)’:
/home/karen/Documents/cactus/cactus/models/model_moonshine.cpp:780:23: error: ‘build_decoder’ was not declared in this scope; did you mean ‘build_encoder’?
  780 |         logits_node = build_decoder(full_tokens, false, false);
      |                       ^~~~~~~~~~~~~
      |                       build_encoder
/home/karen/Documents/cactus/cactus/models/model_moonshine.cpp:789:23: error: ‘build_decoder’ was not declared in this scope; did you mean ‘build_encoder’?
  789 |         logits_node = build_decoder(last_token_vec, true, true);
      |                       ^~~~~~~~~~~~~
      |                       build_encoder
make[2]: *** [CMakeFiles/cactus.dir/build.make:543: CMakeFiles/cactus.dir/models/model_moonshine.cpp.o] Error 1
make[2]: *** Waiting for unfinished jobs....
make[1]: *** [CMakeFiles/Makefile2:90: CMakeFiles/cactus.dir/all] Error 2
make[1]: *** Waiting for unfinished jobs....
In file included from /home/karen/Documents/cactus/cactus/ffi/cactus_transcribe.cpp:2:
/home/karen/Documents/cactus/cactus/ffi/cactus_utils.h: In function ‘std::string cactus::ffi::generateUUID()’:
/home/karen/Documents/cactus/cactus/ffi/cactus_utils.h:96:1: warning: no return statement in function returning non-void [-Wreturn-type]
   96 | }
      | ^
/home/karen/Documents/cactus/cactus/ffi/cactus_utils.h: At global scope:
/home/karen/Documents/cactus/cactus/ffi/cactus_utils.h:617:20: warning: inline function ‘const char* register_app(const char*)’ declared weak [-Wattributes]
  617 | inline const char* register_app(const char* encrypted_data) {
      |                    ^~~~~~~~~~~~
/home/karen/Documents/cactus/cactus/ffi/cactus_utils.h:625:20: warning: inline function ‘const char* get_device_id(const char*)’ declared weak [-Wattributes]
  625 | inline const char* get_device_id(const char* current_token) {
      |                    ^~~~~~~~~~~~~
In file included from /home/karen/Documents/cactus/cactus/ffi/cactus_transcribe.cpp:3:
/home/karen/Documents/cactus/cactus/ffi/cactus_telemetry.h: In static member function ‘static std::string cactus::ffi::DeviceManager::registerDevice(const std::string&, const std::string&)’:
/home/karen/Documents/cactus/cactus/ffi/cactus_telemetry.h:284:69: warning: unused parameter ‘device_id’ [-Wunused-parameter]
  284 | inline std::string DeviceManager::registerDevice(const std::string& device_id, const std::string& pro_key) {
      |                                                  ~~~~~~~~~~~~~~~~~~~^~~~~~~~~
/home/karen/Documents/cactus/cactus/ffi/cactus_telemetry.h:284:99: warning: unused parameter ‘pro_key’ [-Wunused-parameter]
  284 | inline std::string DeviceManager::registerDevice(const std::string& device_id, const std::string& pro_key) {
      |                                                                                ~~~~~~~~~~~~~~~~~~~^~~~~~~
/home/karen/Documents/cactus/cactus/ffi/cactus_transcribe.cpp: At global scope:
/home/karen/Documents/cactus/cactus/ffi/cactus_transcribe.cpp:84:27: warning: ‘std::vector<float> compute_whisper_mel_from_wav(const std::string&)’ defined but not used [-Wunused-function]
   84 | static std::vector<float> compute_whisper_mel_from_wav(const std::string& wav_path) {
      |                           ^~~~~~~~~~~~~~~~~~~~~~~~~~~~
/home/karen/Documents/cactus/cactus/ffi/cactus_transcribe.cpp:62:27: warning: ‘std::vector<float> compute_whisper_mel_from_pcm(const int16_t*, size_t, int)’ defined but not used [-Wunused-function]
   62 | static std::vector<float> compute_whisper_mel_from_pcm(const int16_t* pcm_samples, size_t num_samples, int sample_rate_in) {
      |                           ^~~~~~~~~~~~~~~~~~~~~~~~~~~~
/home/karen/Documents/cactus/cactus/models/model_moonshine.cpp: In member function ‘size_t cactus::engine::MoonshineModel::build_audio_preprocessor(CactusGraph*, size_t)’:
/home/karen/Documents/cactus/cactus/models/model_moonshine.cpp:421:30: error: no matching function for call to ‘CactusGraph::conv1d(size_t&, size_t&, std::nullptr_t, int)’
  421 |     size_t conv1 = gb->conv1d(conv_input, weight_nodes_.encoder_conv1_weight, nullptr, 64);
      |                    ~~~~~~~~~~^~~~~~~~~~~~~~~~~~~~~~~~~~~~~~~~~~~~~~~~~~~~~~~~~~~~~~~~~~~~~
In file included from /home/karen/Documents/cactus/cactus/models/../engine/engine.h:10,
                 from /home/karen/Documents/cactus/cactus/models/model.h:3,
                 from /home/karen/Documents/cactus/cactus/models/model_moonshine.cpp:1:
/home/karen/Documents/cactus/cactus/models/../engine/../graph/graph.h:445:12: note: candidate: ‘size_t CactusGraph::conv1d(size_t, size_t, size_t)’
  445 |     size_t conv1d(size_t input, size_t weight, size_t stride);
      |            ^~~~~~
/home/karen/Documents/cactus/cactus/models/../engine/../graph/graph.h:445:12: note:   candidate expects 3 arguments, 4 provided
/home/karen/Documents/cactus/cactus/models/../engine/../graph/graph.h:446:12: note: candidate: ‘size_t CactusGraph::conv1d(size_t, size_t, size_t, size_t)’
  446 |     size_t conv1d(size_t input, size_t weight, size_t bias, size_t stride);
      |            ^~~~~~
/home/karen/Documents/cactus/cactus/models/../engine/../graph/graph.h:446:55: note:   no known conversion for argument 3 from ‘std::nullptr_t’ to ‘size_t’ {aka ‘long unsigned int’}
  446 |     size_t conv1d(size_t input, size_t weight, size_t bias, size_t stride);
      |                                                ~~~~~~~^~~~
/home/karen/Documents/cactus/cactus/models/model_moonshine.cpp:431:30: error: no matching function for call to ‘CactusGraph::conv1d(size_t&, size_t&, std::nullptr_t, int)’
  431 |     size_t conv2 = gb->conv1d(gn, weight_nodes_.encoder_conv2_weight, nullptr, 3);
      |                    ~~~~~~~~~~^~~~~~~~~~~~~~~~~~~~~~~~~~~~~~~~~~~~~~~~~~~~~~~~~~~~
/home/karen/Documents/cactus/cactus/models/../engine/../graph/graph.h:445:12: note: candidate: ‘size_t CactusGraph::conv1d(size_t, size_t, size_t)’
  445 |     size_t conv1d(size_t input, size_t weight, size_t stride);
      |            ^~~~~~
/home/karen/Documents/cactus/cactus/models/../engine/../graph/graph.h:445:12: note:   candidate expects 3 arguments, 4 provided
/home/karen/Documents/cactus/cactus/models/../engine/../graph/graph.h:446:12: note: candidate: ‘size_t CactusGraph::conv1d(size_t, size_t, size_t, size_t)’
  446 |     size_t conv1d(size_t input, size_t weight, size_t bias, size_t stride);
      |            ^~~~~~
/home/karen/Documents/cactus/cactus/models/../engine/../graph/graph.h:446:55: note:   no known conversion for argument 3 from ‘std::nullptr_t’ to ‘size_t’ {aka ‘long unsigned int’}
  446 |     size_t conv1d(size_t input, size_t weight, size_t bias, size_t stride);
      |                                                ~~~~~~~^~~~
/home/karen/Documents/cactus/cactus/models/model_moonshine.cpp:444:30: error: no matching function for call to ‘CactusGraph::conv1d(size_t&, size_t&, std::nullptr_t, int)’
  444 |     size_t conv3 = gb->conv1d(conv2, weight_nodes_.encoder_conv3_weight, nullptr, 2);
      |                    ~~~~~~~~~~^~~~~~~~~~~~~~~~~~~~~~~~~~~~~~~~~~~~~~~~~~~~~~~~~~~~~~~
/home/karen/Documents/cactus/cactus/models/../engine/../graph/graph.h:445:12: note: candidate: ‘size_t CactusGraph::conv1d(size_t, size_t, size_t)’
  445 |     size_t conv1d(size_t input, size_t weight, size_t stride);
      |            ^~~~~~
/home/karen/Documents/cactus/cactus/models/../engine/../graph/graph.h:445:12: note:   candidate expects 3 arguments, 4 provided
/home/karen/Documents/cactus/cactus/models/../engine/../graph/graph.h:446:12: note: candidate: ‘size_t CactusGraph::conv1d(size_t, size_t, size_t, size_t)’
  446 |     size_t conv1d(size_t input, size_t weight, size_t bias, size_t stride);
      |            ^~~~~~
/home/karen/Documents/cactus/cactus/models/../engine/../graph/graph.h:446:55: note:   no known conversion for argument 3 from ‘std::nullptr_t’ to ‘size_t’ {aka ‘long unsigned int’}
  446 |     size_t conv1d(size_t input, size_t weight, size_t bias, size_t stride);
      |                                                ~~~~~~~^~~~
/home/karen/Documents/cactus/cactus/models/model_moonshine.cpp: In member function ‘size_t cactus::engine::MoonshineModel::build_encoder_transformer_block(CactusGraph*, size_t, uint32_t, ComputeBackend, bool, size_t)’:
/home/karen/Documents/cactus/cactus/models/model_moonshine.cpp:497:33: error: cannot convert ‘ComputeBackend’ to ‘size_t’ {aka ‘long unsigned int’}
  497 |             gb, ln2, layer_idx, backend
      |                                 ^~~~~~~
      |                                 |
      |                                 ComputeBackend
/home/karen/Documents/cactus/cactus/models/model_moonshine.cpp:148:87: note:   initializing argument 4 of ‘size_t cactus::engine::build_encoder_mlp_gelu(CactusGraph*, size_t, size_t, size_t, size_t, size_t, ComputeBackend)’
  148 | static size_t build_encoder_mlp_gelu(CactusGraph* gb, size_t input, size_t w1, size_t b1, size_t w2, size_t b2, ComputeBackend backend) {
      |                                                                                ~~~~~~~^~
/home/karen/Documents/cactus/cactus/models/model_moonshine.cpp:501:33: error: cannot convert ‘ComputeBackend’ to ‘size_t’ {aka ‘long unsigned int’}
  501 |             gb, ln2, layer_idx, backend
      |                                 ^~~~~~~
      |                                 |
      |                                 ComputeBackend
/home/karen/Documents/cactus/cactus/models/model_moonshine.cpp:157:87: note:   initializing argument 4 of ‘size_t cactus::engine::build_encoder_mlp_silu(CactusGraph*, size_t, size_t, size_t, size_t, size_t, ComputeBackend)’
  157 | static size_t build_encoder_mlp_silu(CactusGraph* gb, size_t input, size_t w1, size_t b1, size_t w2, size_t b2, ComputeBackend backend) {
      |                                                                                ~~~~~~~^~
/home/karen/Documents/cactus/cactus/models/model_moonshine.cpp: In member function ‘size_t cactus::engine::MoonshineModel::build_decoder_transformer_block(CactusGraph*, size_t, uint32_t, ComputeBackend, bool, size_t)’:
/home/karen/Documents/cactus/cactus/models/model_moonshine.cpp:529:33: error: cannot convert ‘ComputeBackend’ to ‘size_t’ {aka ‘long unsigned int’}
  529 |             gb, ln3, layer_idx, backend
      |                                 ^~~~~~~
      |                                 |
      |                                 ComputeBackend
/home/karen/Documents/cactus/cactus/models/model_moonshine.cpp:181:87: note:   initializing argument 4 of ‘size_t cactus::engine::build_decoder_mlp_gelu(CactusGraph*, size_t, size_t, size_t, size_t, size_t, ComputeBackend, size_t)’
  181 | static size_t build_decoder_mlp_gelu(CactusGraph* gb, size_t input, size_t w1, size_t b1, size_t w2, size_t b2, ComputeBackend backend, size_t intermediate_size) {
      |                                                                                ~~~~~~~^~
/home/karen/Documents/cactus/cactus/models/model_moonshine.cpp:533:33: error: cannot convert ‘ComputeBackend’ to ‘size_t’ {aka ‘long unsigned int’}
  533 |             gb, ln3, layer_idx, backend
      |                                 ^~~~~~~
      |                                 |
      |                                 ComputeBackend
/home/karen/Documents/cactus/cactus/models/model_moonshine.cpp:166:87: note:   initializing argument 4 of ‘size_t cactus::engine::build_decoder_mlp_silu(CactusGraph*, size_t, size_t, size_t, size_t, size_t, ComputeBackend, size_t)’
  166 | static size_t build_decoder_mlp_silu(CactusGraph* gb, size_t input, size_t w1, size_t b1, size_t w2, size_t b2, ComputeBackend backend, size_t intermediate_size) {
      |                                                                                ~~~~~~~^~
/home/karen/Documents/cactus/cactus/models/model_moonshine.cpp: In member function ‘size_t cactus::engine::MoonshineModel::build_encoder(CactusGraph*, const std::vector<float>&)’:
/home/karen/Documents/cactus/cactus/models/model_moonshine.cpp:608:35: error: ‘T_mel’ was not declared in this scope
  608 |     mel_input = gb->input({1, 80, T_mel}, Precision::FP16);
      |                                   ^~~~~
/home/karen/Documents/cactus/cactus/models/model_moonshine.cpp:608:26: error: cannot convert ‘<brace-enclosed initializer list>’ to ‘const std::vector<long unsigned int>&’
  608 |     mel_input = gb->input({1, 80, T_mel}, Precision::FP16);
      |                 ~~~~~~~~~^~~~~~~~~~~~~~~~~~~~~~~~~~~~~~~~~
/home/karen/Documents/cactus/cactus/models/../engine/../graph/graph.h:377:45: note:   initializing argument 1 of ‘size_t CactusGraph::input(const std::vector<long unsigned int>&, Precision)’
  377 |     size_t input(const std::vector<size_t>& shape, Precision precision = Precision::INT8);
      |                  ~~~~~~~~~~~~~~~~~~~~~~~~~~~^~~~~
/home/karen/Documents/cactus/cactus/models/model_moonshine.cpp: At global scope:
/home/karen/Documents/cactus/cactus/models/model_moonshine.cpp:656:8: error: no declaration matches ‘size_t cactus::engine::MoonshineModel::build_decoder(const std::vector<unsigned int>&, bool, bool)’
  656 | size_t MoonshineModel::build_decoder(const std::vector<uint32_t>& tokens, bool use_cache, bool last_token_only) {
      |        ^~~~~~~~~~~~~~
/home/karen/Documents/cactus/cactus/models/model_moonshine.cpp:656:8: note: no functions named ‘size_t cactus::engine::MoonshineModel::build_decoder(const std::vector<unsigned int>&, bool, bool)’
/home/karen/Documents/cactus/cactus/models/model.h:634:7: note: ‘class cactus::engine::MoonshineModel’ defined here
  634 | class MoonshineModel : public Model {
      |       ^~~~~~~~~~~~~~
/home/karen/Documents/cactus/cactus/models/model_moonshine.cpp: In member function ‘virtual size_t cactus::engine::MoonshineModel::forward(const std::vector<float>&, const std::vector<unsigned int>&, bool)’:
/home/karen/Documents/cactus/cactus/models/model_moonshine.cpp:712:58: warning: unused parameter ‘audio_features’ [-Wunused-parameter]
  712 | size_t MoonshineModel::forward(const std::vector<float>& audio_features, const std::vector<uint32_t>& tokens, bool use_cache)
      |                                ~~~~~~~~~~~~~~~~~~~~~~~~~~^~~~~~~~~~~~~~
/home/karen/Documents/cactus/cactus/models/model_moonshine.cpp:712:103: warning: unused parameter ‘tokens’ [-Wunused-parameter]
  712 | size_t MoonshineModel::forward(const std::vector<float>& audio_features, const std::vector<uint32_t>& tokens, bool use_cache)
      |                                                                          ~~~~~~~~~~~~~~~~~~~~~~~~~~~~~^~~~~~
/home/karen/Documents/cactus/cactus/models/model_moonshine.cpp:712:116: warning: unused parameter ‘use_cache’ [-Wunused-parameter]
  712 | size_t MoonshineModel::forward(const std::vector<float>& audio_features, const std::vector<uint32_t>& tokens, bool use_cache)
      |                                                                                                               ~~~~~^~~~~~~~~
/home/karen/Documents/cactus/cactus/models/model_moonshine.cpp: In member function ‘virtual uint32_t cactus::engine::MoonshineModel::decode_with_audio(const std::vector<unsigned int>&, const std::vector<float>&, float, float, size_t, const std::string&, float*)’:
/home/karen/Documents/cactus/cactus/models/model_moonshine.cpp:780:23: error: ‘build_decoder’ was not declared in this scope; did you mean ‘build_encoder’?
  780 |         logits_node = build_decoder(full_tokens, false, false);
      |                       ^~~~~~~~~~~~~
      |                       build_encoder
/home/karen/Documents/cactus/cactus/models/model_moonshine.cpp:789:23: error: ‘build_decoder’ was not declared in this scope; did you mean ‘build_encoder’?
  789 |         logits_node = build_decoder(last_token_vec, true, true);
      |                       ^~~~~~~~~~~~~
      |                       build_encoder
make[2]: *** [CMakeFiles/cactus_ffi.dir/build.make:543: CMakeFiles/cactus_ffi.dir/models/model_moonshine.cpp.o] Error 1
make[2]: *** Waiting for unfinished jobs....
make[1]: *** [CMakeFiles/Makefile2:122: CMakeFiles/cactus_ffi.dir/all] Error 2
make: *** [Makefile:91: all] Error 2
[0;34mBuilding Cactus chat...[0m
=======================
[1;33mBuilding Cactus library...[0m
[0;31mFailed to build cactus library[0m
